2013-01-12 16:32:44,473 [14] INFO  PAYPALLOGFILE Request Starts
2013-01-12 16:32:44,480 [14] INFO  PAYPALLOGFILE ####SOAP11####
2013-01-12 16:32:44,480 [14] INFO  PAYPALLOGFILE <soap:Envelope xmlns:xsi="http://www.w3.org/2001/XMLSchema-instance" xmlns:xsd="http://www.w3.org/2001/XMLSchema" xmlns:soap="http://schemas.xmlsoap.org/soap/envelope/"><soap:Body><PreapprovalRequest><requestEnvelope><errorLanguage>en-US</errorLanguage></requestEnvelope><clientDetails><ipAddress>127.0.0.1</ipAddress><deviceId>platformSDKDotNetSample</deviceId><applicationId>APP-80W284485P519543T</applicationId></clientDetails><cancelUrl>http://localhost:3935/Samples/Preapproval.aspx</cancelUrl><currencyCode>USD</currencyCode><endingDate>2014-12-01T00:00:00</endingDate><maxTotalAmountOfAllPayments>5000</maxTotalAmountOfAllPayments><returnUrl>http://localhost:3935/Samples/PreapprovalDetails.aspx</returnUrl><senderEmail>hverdejo.p@integraparking.com</senderEmail><startingDate>2013-12-01T00:00:00</startingDate></PreapprovalRequest></soap:Body></soap:Envelope>
2013-01-12 16:32:44,480 [14] INFO  PAYPALLOGFILE Request Ends
2013-01-12 16:32:45,896 [14] INFO  PAYPALLOGFILE Response Starts
2013-01-12 16:32:45,896 [14] INFO  PAYPALLOGFILE <?xml version='1.0' encoding='utf-8'?><soapenv:Envelope xmlns:soapenv="http://schemas.xmlsoap.org/soap/envelope/"><soapenv:Header/><soapenv:Body><ns2:PreapprovalResponse xmlns:ns2="http://svcs.paypal.com/types/ap"><responseEnvelope><timestamp>2013-01-12T07:32:45.555-08:00</timestamp><ack>Success</ack><correlationId>c0971627421eb</correlationId><build>4923149</build></responseEnvelope><preapprovalKey>PA-4UJ98181SV9044416</preapprovalKey></ns2:PreapprovalResponse></soapenv:Body></soapenv:Envelope>
2013-01-12 16:32:45,896 [14] INFO  PAYPALLOGFILE Response Ends
2013-01-12 16:33:19,744 [10] INFO  PAYPALLOGFILE Request Starts
2013-01-12 16:33:19,744 [10] INFO  PAYPALLOGFILE ####SOAP11####
2013-01-12 16:33:19,744 [10] INFO  PAYPALLOGFILE <soap:Envelope xmlns:xsi="http://www.w3.org/2001/XMLSchema-instance" xmlns:xsd="http://www.w3.org/2001/XMLSchema" xmlns:soap="http://schemas.xmlsoap.org/soap/envelope/"><soap:Body><PreapprovalDetailsRequest><requestEnvelope><errorLanguage>en-US</errorLanguage></requestEnvelope><preapprovalKey>PA-4UJ98181SV9044416</preapprovalKey></PreapprovalDetailsRequest></soap:Body></soap:Envelope>
2013-01-12 16:33:19,744 [10] INFO  PAYPALLOGFILE Request Ends
2013-01-12 16:33:20,768 [10] INFO  PAYPALLOGFILE Response Starts
2013-01-12 16:33:20,768 [10] INFO  PAYPALLOGFILE <?xml version='1.0' encoding='utf-8'?><soapenv:Envelope xmlns:soapenv="http://schemas.xmlsoap.org/soap/envelope/"><soapenv:Header/><soapenv:Body><ns2:PreapprovalDetailsResponse xmlns:ns2="http://svcs.paypal.com/types/ap"><responseEnvelope><timestamp>2013-01-12T07:33:20.424-08:00</timestamp><ack>Success</ack><correlationId>e33110964aac2</correlationId><build>4923149</build></responseEnvelope><approved>true</approved><cancelUrl>http://localhost:3935/Samples/Preapproval.aspx</cancelUrl><curPayments>0</curPayments><curPaymentsAmount>0.00</curPaymentsAmount><curPeriodAttempts>0</curPeriodAttempts><currencyCode>USD</currencyCode><dateOfMonth>0</dateOfMonth><dayOfWeek>NO_DAY_SPECIFIED</dayOfWeek><endingDate>2014-12-01T00:00:00.000-08:00</endingDate><maxTotalAmountOfAllPayments>5000.00</maxTotalAmountOfAllPayments><paymentPeriod>NO_PERIOD_SPECIFIED</paymentPeriod><pinType>NOT_REQUIRED</pinType><returnUrl>http://localhost:3935/Samples/PreapprovalDetails.aspx</returnUrl><senderEmail>hverdejo.p@integraparking.com</senderEmail><startingDate>2013-12-01T00:00:00.000-08:00</startingDate><status>ACTIVE</status><displayMaxTotalAmount>false</displayMaxTotalAmount></ns2:PreapprovalDetailsResponse></soapenv:Body></soapenv:Envelope>
2013-01-12 16:33:20,768 [10] INFO  PAYPALLOGFILE Response Ends
2013-01-12 16:33:45,935 [16] INFO  PAYPALLOGFILE Request Starts
2013-01-12 16:33:45,935 [16] INFO  PAYPALLOGFILE ####SOAP11####
2013-01-12 16:33:45,935 [16] INFO  PAYPALLOGFILE <soap:Envelope xmlns:xsi="http://www.w3.org/2001/XMLSchema-instance" xmlns:xsd="http://www.w3.org/2001/XMLSchema" xmlns:soap="http://schemas.xmlsoap.org/soap/envelope/"><soap:Body><PreapprovalDetailsRequest><requestEnvelope><errorLanguage>en-US</errorLanguage></requestEnvelope><preapprovalKey>PA-4UJ98181SV9044417</preapprovalKey></PreapprovalDetailsRequest></soap:Body></soap:Envelope>
2013-01-12 16:33:45,935 [16] INFO  PAYPALLOGFILE Request Ends
2013-01-12 16:33:46,876 [16] INFO  PAYPALLOGFILE Response Starts
2013-01-12 16:33:46,876 [16] INFO  PAYPALLOGFILE <?xml version='1.0' encoding='utf-8'?><soapenv:Envelope xmlns:soapenv="http://schemas.xmlsoap.org/soap/envelope/"><soapenv:Header/><soapenv:Body><soapenv:Fault xmlns:axis2ns2252="http://schemas.xmlsoap.org/soap/envelope/"><faultcode>axis2ns2252:Server</faultcode><faultstring>Invalid request parameter: Preapproval Key with value PA-4UJ98181SV9044417</faultstring><detail><ns3:FaultMessage xmlns:ns3="http://svcs.paypal.com/types/common" xmlns:ns2="http://svcs.paypal.com/types/ap"><responseEnvelope><timestamp>2013-01-12T07:33:46.517-08:00</timestamp><ack>Failure</ack><correlationId>995f3cb955187</correlationId><build>4923149</build></responseEnvelope><error><errorId>580022</errorId><domain>PLATFORM</domain><subdomain>Application</subdomain><severity>Error</severity><category>Application</category><message>Invalid request parameter: Preapproval Key with value PA-4UJ98181SV9044417</message><parameter>preapprovalId</parameter><parameter>PA-4UJ98181SV9044417</parameter></error></ns3:FaultMessage></detail></soapenv:Fault></soapenv:Body></soapenv:Envelope>
2013-01-12 16:33:46,876 [16] INFO  PAYPALLOGFILE Response Ends
2013-01-12 16:36:15,152 [17] INFO  PAYPALLOGFILE Request Starts
2013-01-12 16:36:15,152 [17] INFO  PAYPALLOGFILE ####SOAP11####
2013-01-12 16:36:15,152 [17] INFO  PAYPALLOGFILE <soap:Envelope xmlns:xsi="http://www.w3.org/2001/XMLSchema-instance" xmlns:xsd="http://www.w3.org/2001/XMLSchema" xmlns:soap="http://schemas.xmlsoap.org/soap/envelope/"><soap:Body><PreapprovalDetailsRequest><requestEnvelope><errorLanguage>en-US</errorLanguage></requestEnvelope><preapprovalKey>PA-4UJ98181SV9044416</preapprovalKey></PreapprovalDetailsRequest></soap:Body></soap:Envelope>
2013-01-12 16:36:15,152 [17] INFO  PAYPALLOGFILE Request Ends
2013-01-12 16:36:16,133 [17] INFO  PAYPALLOGFILE Response Starts
2013-01-12 16:36:16,133 [17] INFO  PAYPALLOGFILE <?xml version='1.0' encoding='utf-8'?><soapenv:Envelope xmlns:soapenv="http://schemas.xmlsoap.org/soap/envelope/"><soapenv:Header/><soapenv:Body><ns2:PreapprovalDetailsResponse xmlns:ns2="http://svcs.paypal.com/types/ap"><responseEnvelope><timestamp>2013-01-12T07:36:15.790-08:00</timestamp><ack>Success</ack><correlationId>e85be088716fd</correlationId><build>4923149</build></responseEnvelope><approved>true</approved><cancelUrl>http://localhost:3935/Samples/Preapproval.aspx</cancelUrl><curPayments>0</curPayments><curPaymentsAmount>0.00</curPaymentsAmount><curPeriodAttempts>0</curPeriodAttempts><currencyCode>USD</currencyCode><dateOfMonth>0</dateOfMonth><dayOfWeek>NO_DAY_SPECIFIED</dayOfWeek><endingDate>2014-12-01T00:00:00.000-08:00</endingDate><maxTotalAmountOfAllPayments>5000.00</maxTotalAmountOfAllPayments><paymentPeriod>NO_PERIOD_SPECIFIED</paymentPeriod><pinType>NOT_REQUIRED</pinType><returnUrl>http://localhost:3935/Samples/PreapprovalDetails.aspx</returnUrl><senderEmail>hverdejo.p@integraparking.com</senderEmail><startingDate>2013-12-01T00:00:00.000-08:00</startingDate><status>CANCELED</status><displayMaxTotalAmount>false</displayMaxTotalAmount></ns2:PreapprovalDetailsResponse></soapenv:Body></soapenv:Envelope>
2013-01-12 16:36:16,133 [17] INFO  PAYPALLOGFILE Response Ends
2013-01-12 16:38:24,855 [82] INFO  PAYPALLOGFILE Request Starts
2013-01-12 16:38:24,856 [82] INFO  PAYPALLOGFILE ####SOAP11####
2013-01-12 16:38:24,856 [82] INFO  PAYPALLOGFILE <soap:Envelope xmlns:xsi="http://www.w3.org/2001/XMLSchema-instance" xmlns:xsd="http://www.w3.org/2001/XMLSchema" xmlns:soap="http://schemas.xmlsoap.org/soap/envelope/"><soap:Body><PreapprovalDetailsRequest><requestEnvelope><errorLanguage>en-US</errorLanguage></requestEnvelope><preapprovalKey>PA-2EB139740K7806737</preapprovalKey></PreapprovalDetailsRequest></soap:Body></soap:Envelope>
2013-01-12 16:38:24,856 [82] INFO  PAYPALLOGFILE Request Ends
2013-01-12 16:38:25,549 [82] INFO  PAYPALLOGFILE Error occurred in CallerServices->CallAPI method
System.Net.WebException: Error en el servidor remoto: (502) Puerta de enlace no válida.
   en System.Net.HttpWebRequest.GetResponse()
   en PayPal.Platform.SDK.CallerServices.CallAPI() en C:\Proyectos\svn\dbPayByPhone\01_trunk\02_SRC\02_Server\PayByPhoneWeb\Paypal_Adaptative_Payments_Aspnet_SDK\src\Base_Common\CallerServices.cs:línea 139
2013-01-12 16:38:42,369 [84] INFO  PAYPALLOGFILE Request Starts
2013-01-12 16:38:42,369 [84] INFO  PAYPALLOGFILE ####SOAP11####
2013-01-12 16:38:42,369 [84] INFO  PAYPALLOGFILE <soap:Envelope xmlns:xsi="http://www.w3.org/2001/XMLSchema-instance" xmlns:xsd="http://www.w3.org/2001/XMLSchema" xmlns:soap="http://schemas.xmlsoap.org/soap/envelope/"><soap:Body><PreapprovalDetailsRequest><requestEnvelope><errorLanguage>en-US</errorLanguage></requestEnvelope><preapprovalKey>PA-2EB139740K7806737</preapprovalKey></PreapprovalDetailsRequest></soap:Body></soap:Envelope>
2013-01-12 16:38:42,369 [84] INFO  PAYPALLOGFILE Request Ends
2013-01-12 16:38:43,393 [84] INFO  PAYPALLOGFILE Response Starts
2013-01-12 16:38:43,393 [84] INFO  PAYPALLOGFILE <?xml version='1.0' encoding='utf-8'?><soapenv:Envelope xmlns:soapenv="http://schemas.xmlsoap.org/soap/envelope/"><soapenv:Header/><soapenv:Body><ns2:PreapprovalDetailsResponse xmlns:ns2="http://svcs.paypal.com/types/ap"><responseEnvelope><timestamp>2013-01-12T07:38:43.043-08:00</timestamp><ack>Success</ack><correlationId>e3c1b5299d417</correlationId><build>4923149</build></responseEnvelope><approved>true</approved><cancelUrl>http://localhost:3935/Samples/Preapproval.aspx</cancelUrl><curPayments>0</curPayments><curPaymentsAmount>0.00</curPaymentsAmount><curPeriodAttempts>0</curPeriodAttempts><currencyCode>EUR</currencyCode><dateOfMonth>0</dateOfMonth><dayOfWeek>NO_DAY_SPECIFIED</dayOfWeek><endingDate>2014-10-01T00:00:00.000-07:00</endingDate><maxTotalAmountOfAllPayments>1000.00</maxTotalAmountOfAllPayments><paymentPeriod>NO_PERIOD_SPECIFIED</paymentPeriod><pinType>NOT_REQUIRED</pinType><returnUrl>http://localhost:3935/Samples/PreapprovalDetails.aspx</returnUrl><senderEmail>hverdejo.p@integraparking.com</senderEmail><startingDate>2013-10-01T00:00:00.000-07:00</startingDate><status>ACTIVE</status><displayMaxTotalAmount>false</displayMaxTotalAmount></ns2:PreapprovalDetailsResponse></soapenv:Body></soapenv:Envelope>
2013-01-12 16:38:43,393 [84] INFO  PAYPALLOGFILE Response Ends
2013-01-12 16:44:20,447 [88] INFO  PAYPALLOGFILE Request Starts
2013-01-12 16:44:20,447 [88] INFO  PAYPALLOGFILE ####SOAP11####
2013-01-12 16:44:20,447 [88] INFO  PAYPALLOGFILE <soap:Envelope xmlns:xsi="http://www.w3.org/2001/XMLSchema-instance" xmlns:xsd="http://www.w3.org/2001/XMLSchema" xmlns:soap="http://schemas.xmlsoap.org/soap/envelope/"><soap:Body><PreapprovalDetailsRequest><requestEnvelope><errorLanguage>en-US</errorLanguage></requestEnvelope><preapprovalKey>PA-4UJ98181SV9044416</preapprovalKey></PreapprovalDetailsRequest></soap:Body></soap:Envelope>
2013-01-12 16:44:20,447 [88] INFO  PAYPALLOGFILE Request Ends
2013-01-12 16:44:21,490 [88] INFO  PAYPALLOGFILE Response Starts
2013-01-12 16:44:21,490 [88] INFO  PAYPALLOGFILE <?xml version='1.0' encoding='utf-8'?><soapenv:Envelope xmlns:soapenv="http://schemas.xmlsoap.org/soap/envelope/"><soapenv:Header/><soapenv:Body><ns2:PreapprovalDetailsResponse xmlns:ns2="http://svcs.paypal.com/types/ap"><responseEnvelope><timestamp>2013-01-12T07:44:21.142-08:00</timestamp><ack>Success</ack><correlationId>70fe7163ebc8e</correlationId><build>4923149</build></responseEnvelope><approved>true</approved><cancelUrl>http://localhost:3935/Samples/Preapproval.aspx</cancelUrl><curPayments>0</curPayments><curPaymentsAmount>0.00</curPaymentsAmount><curPeriodAttempts>0</curPeriodAttempts><currencyCode>USD</currencyCode><dateOfMonth>0</dateOfMonth><dayOfWeek>NO_DAY_SPECIFIED</dayOfWeek><endingDate>2014-12-01T00:00:00.000-08:00</endingDate><maxTotalAmountOfAllPayments>5000.00</maxTotalAmountOfAllPayments><paymentPeriod>NO_PERIOD_SPECIFIED</paymentPeriod><pinType>NOT_REQUIRED</pinType><returnUrl>http://localhost:3935/Samples/PreapprovalDetails.aspx</returnUrl><senderEmail>hverdejo.p@integraparking.com</senderEmail><startingDate>2013-12-01T00:00:00.000-08:00</startingDate><status>CANCELED</status><displayMaxTotalAmount>false</displayMaxTotalAmount></ns2:PreapprovalDetailsResponse></soapenv:Body></soapenv:Envelope>
2013-01-12 16:44:21,490 [88] INFO  PAYPALLOGFILE Response Ends
2013-01-12 16:44:43,320 [88] INFO  PAYPALLOGFILE Request Starts
2013-01-12 16:44:43,321 [88] INFO  PAYPALLOGFILE ####SOAP11####
2013-01-12 16:44:43,321 [88] INFO  PAYPALLOGFILE <soap:Envelope xmlns:xsi="http://www.w3.org/2001/XMLSchema-instance" xmlns:xsd="http://www.w3.org/2001/XMLSchema" xmlns:soap="http://schemas.xmlsoap.org/soap/envelope/"><soap:Body><PreapprovalDetailsRequest><requestEnvelope><errorLanguage>en-US</errorLanguage></requestEnvelope><preapprovalKey>PA-2EB139740K7806737</preapprovalKey></PreapprovalDetailsRequest></soap:Body></soap:Envelope>
2013-01-12 16:44:43,321 [88] INFO  PAYPALLOGFILE Request Ends
2013-01-12 16:44:44,284 [88] INFO  PAYPALLOGFILE Response Starts
2013-01-12 16:44:44,284 [88] INFO  PAYPALLOGFILE <?xml version='1.0' encoding='utf-8'?><soapenv:Envelope xmlns:soapenv="http://schemas.xmlsoap.org/soap/envelope/"><soapenv:Header/><soapenv:Body><ns2:PreapprovalDetailsResponse xmlns:ns2="http://svcs.paypal.com/types/ap"><responseEnvelope><timestamp>2013-01-12T07:44:43.947-08:00</timestamp><ack>Success</ack><correlationId>b9dc780af5bfe</correlationId><build>4923149</build></responseEnvelope><approved>true</approved><cancelUrl>http://localhost:3935/Samples/Preapproval.aspx</cancelUrl><curPayments>0</curPayments><curPaymentsAmount>0.00</curPaymentsAmount><curPeriodAttempts>0</curPeriodAttempts><currencyCode>EUR</currencyCode><dateOfMonth>0</dateOfMonth><dayOfWeek>NO_DAY_SPECIFIED</dayOfWeek><endingDate>2014-10-01T00:00:00.000-07:00</endingDate><maxTotalAmountOfAllPayments>1000.00</maxTotalAmountOfAllPayments><paymentPeriod>NO_PERIOD_SPECIFIED</paymentPeriod><pinType>NOT_REQUIRED</pinType><returnUrl>http://localhost:3935/Samples/PreapprovalDetails.aspx</returnUrl><senderEmail>hverdejo.p@integraparking.com</senderEmail><startingDate>2013-10-01T00:00:00.000-07:00</startingDate><status>ACTIVE</status><displayMaxTotalAmount>false</displayMaxTotalAmount></ns2:PreapprovalDetailsResponse></soapenv:Body></soapenv:Envelope>
2013-01-12 16:44:44,284 [88] INFO  PAYPALLOGFILE Response Ends
